<?xml version="1.0" encoding="UTF-8"?>
<testng-results ignored="0" total="2" passed="2" failed="0" skipped="0">
  <reporter-output>
  </reporter-output>
  <suite started-at="2024-08-30T07:37:42 IST" name="Default suite" finished-at="2024-08-30T07:37:56 IST" duration-ms="14758">
    <groups>
      <group name="cucumber">
        <method signature="AbstractTestNGCucumberTests.runScenario(io.cucumber.testng.PickleWrapper,io.cucumber.testng.FeatureWrapper)[pri:0, instance:mindq.cucumberbddframework.Runner@305b7c14]" name="runScenario" class="io.cucumber.testng.AbstractTestNGCucumberTests"/>
      </group> <!-- cucumber -->
    </groups>
    <test started-at="2024-08-30T07:37:42 IST" name="Default test" finished-at="2024-08-30T07:37:56 IST" duration-ms="14758">
      <class name="mindq.cucumberbddframework.Runner">
        <test-method is-config="true" signature="setUpClass(org.testng.ITestContext)[pri:0, instance:mindq.cucumberbddframework.Runner@305b7c14]" started-at="2024-08-30T07:37:42 IST" name="setUpClass" finished-at="2024-08-30T07:37:42 IST" duration-ms="699" status="PASS">
          <params>
            <param index="0">
              <value>
                <![CDATA[org.testng.TestRunner@7be1ce6a]]>
              </value>
            </param>
          </params>
          <reporter-output>
          </reporter-output>
        </test-method> <!-- setUpClass -->
        <test-method signature="runScenario(io.cucumber.testng.PickleWrapper,io.cucumber.testng.FeatureWrapper)[pri:0, instance:mindq.cucumberbddframework.Runner@305b7c14]" started-at="2024-08-30T07:37:42 IST" name="runScenario" description="Runs Cucumber Scenarios" data-provider="scenarios" finished-at="2024-08-30T07:37:50 IST" duration-ms="7873" status="PASS">
          <params>
            <param index="0">
              <value>
                <![CDATA["User should search the results for different data"]]>
              </value>
            </param>
            <param index="1">
              <value>
                <![CDATA["This feature is about Login Functionalities"]]>
              </value>
            </param>
          </params>
          <reporter-output>
          </reporter-output>
        </test-method> <!-- runScenario -->
        <test-method signature="runScenario(io.cucumber.testng.PickleWrapper,io.cucumber.testng.FeatureWrapper)[pri:0, instance:mindq.cucumberbddframework.Runner@305b7c14]" started-at="2024-08-30T07:37:50 IST" name="runScenario" description="Runs Cucumber Scenarios" data-provider="scenarios" finished-at="2024-08-30T07:37:56 IST" duration-ms="6107" status="PASS">
          <params>
            <param index="0">
              <value>
                <![CDATA["User should search the results for different data"]]>
              </value>
            </param>
            <param index="1">
              <value>
                <![CDATA["This feature is about Login Functionalities"]]>
              </value>
            </param>
          </params>
          <reporter-output>
          </reporter-output>
        </test-method> <!-- runScenario -->
        <test-method is-config="true" signature="tearDownClass()[pri:0, instance:mindq.cucumberbddframework.Runner@305b7c14]" started-at="2024-08-30T07:37:56 IST" name="tearDownClass" finished-at="2024-08-30T07:37:56 IST" duration-ms="25" status="PASS">
          <reporter-output>
          </reporter-output>
        </test-method> <!-- tearDownClass -->
      </class> <!-- mindq.cucumberbddframework.Runner -->
    </test> <!-- Default test -->
  </suite> <!-- Default suite -->
</testng-results>
